<?xml version="1.0" encoding="UTF-8"?>
<testsuite xmlns:xsi="http://www.w3.org/2001/XMLSchema-instance" xsi:noNamespaceSchemaLocation="https://maven.apache.org/surefire/maven-surefire-plugin/xsd/surefire-test-report.xsd" name="fr.unice.polytech.si5.cc.jcancela.HelloAppEngineTest" time="0.848" tests="2" errors="0" skipped="0" failures="0">
  <properties>
[...]
</properties>
  <testcase name="helloInfoTest" classname="fr.unice.polytech.si5.cc.jcancela.HelloAppEngineTest" time="0.721"/>
  <testcase name="doGetWritesResponse" classname="fr.unice.polytech.si5.cc.jcancela.HelloAppEngineTest" time="0.004"/>
</testsuite>